<?xml version="1.0" encoding="UTF-8"?>
<!-- Generated by org.testng.reporters.JUnitReportReporter -->
<testsuite skipped="0" hostname="DESKTOP-Q65ONQK" name="com.daily.project.Validation" tests="1" failures="0" timestamp="2020-05-25T13:02:20 IST" time="21.844" errors="0">
  <testcase name="validateDropdown" time="21.844" classname="com.daily.project.Validation"/>
</testsuite> <!-- com.daily.project.Validation -->
