<?xml version="1.0" encoding="UTF-8"?>
<!-- Generated by org.testng.reporters.JUnitReportReporter -->
<testsuite skipped="0" hostname="DESKTOP-Q65ONQK" name="com.daily.project.TestCase1" tests="1" failures="0" timestamp="2020-05-25T11:33:07 IST" time="6.274" errors="0">
  <testcase name="varifyTitle" time="6.274" classname="com.daily.project.TestCase1"/>
</testsuite> <!-- com.daily.project.TestCase1 -->
