<?xml version="1.0" encoding="UTF-8"?>
<!-- Generated by org.testng.reporters.JUnitReportReporter -->
<testsuite skipped="0" hostname="DESKTOP-Q65ONQK" name="TestCase1" tests="1" failures="0" timestamp="2020-05-25T00:23:43 IST" time="6.329" errors="0">
  <testcase name="varifyTitle" time="6.329" classname="TestCase1"/>
</testsuite> <!-- TestCase1 -->
